[30-Dec-2023 12:55:49] NOTICE: fpm is running, pid 1648
[30-Dec-2023 12:55:49] NOTICE: ready to handle connections
[30-Dec-2023 16:31:51] NOTICE: Terminating ...
[30-Dec-2023 16:31:51] NOTICE: Terminating ...
[30-Dec-2023 16:31:51] NOTICE: exiting, bye-bye!
[30-Dec-2023 18:03:07] NOTICE: fpm is running, pid 1292
[30-Dec-2023 18:03:07] NOTICE: ready to handle connections
[30-Dec-2023 20:16:46] NOTICE: Terminating ...
[30-Dec-2023 20:16:46] NOTICE: Terminating ...
[30-Dec-2023 20:16:46] NOTICE: exiting, bye-bye!
[31-Dec-2023 22:18:39] NOTICE: fpm is running, pid 3560
[31-Dec-2023 22:18:39] NOTICE: ready to handle connections
[01-Jan-2024 00:23:50] NOTICE: Terminating ...
[01-Jan-2024 00:23:50] NOTICE: Terminating ...
[01-Jan-2024 00:23:50] NOTICE: exiting, bye-bye!
[01-Jan-2024 16:10:26] NOTICE: fpm is running, pid 878
[01-Jan-2024 16:10:26] NOTICE: ready to handle connections
[01-Jan-2024 16:54:35] NOTICE: Terminating ...
[01-Jan-2024 16:54:35] NOTICE: Terminating ...
[01-Jan-2024 16:54:35] NOTICE: exiting, bye-bye!
[06-Feb-2024 12:27:24] NOTICE: fpm is running, pid 1091
[06-Feb-2024 12:27:24] NOTICE: ready to handle connections
[06-Feb-2024 16:51:45] NOTICE: Terminating ...
[06-Feb-2024 16:51:45] NOTICE: Terminating ...
[06-Feb-2024 16:51:45] NOTICE: exiting, bye-bye!
[06-Feb-2024 17:35:39] NOTICE: fpm is running, pid 933
[06-Feb-2024 17:35:39] NOTICE: ready to handle connections
[06-Feb-2024 20:52:21] NOTICE: Terminating ...
[06-Feb-2024 20:52:21] NOTICE: Terminating ...
[06-Feb-2024 20:52:21] NOTICE: exiting, bye-bye!
[06-Feb-2024 22:02:24] NOTICE: fpm is running, pid 912
[06-Feb-2024 22:02:24] NOTICE: ready to handle connections
[06-Feb-2024 22:12:23] NOTICE: Terminating ...
[06-Feb-2024 22:12:23] NOTICE: Terminating ...
[06-Feb-2024 22:12:23] NOTICE: exiting, bye-bye!
[09-Feb-2024 20:45:39] NOTICE: fpm is running, pid 909
[09-Feb-2024 20:45:39] NOTICE: ready to handle connections
[09-Feb-2024 22:17:10] NOTICE: Terminating ...
[09-Feb-2024 22:17:10] NOTICE: Terminating ...
[09-Feb-2024 22:17:10] NOTICE: exiting, bye-bye!
[11-Feb-2024 21:05:14] NOTICE: fpm is running, pid 911
[11-Feb-2024 21:05:14] NOTICE: ready to handle connections
[11-Feb-2024 22:52:57] NOTICE: Terminating ...
[11-Feb-2024 22:52:57] NOTICE: Terminating ...
[11-Feb-2024 22:52:57] NOTICE: exiting, bye-bye!
[18-Feb-2024 17:49:49] NOTICE: fpm is running, pid 6675
[18-Feb-2024 17:49:49] NOTICE: ready to handle connections
[18-Feb-2024 21:14:35] NOTICE: Terminating ...
[18-Feb-2024 21:14:35] NOTICE: Terminating ...
[18-Feb-2024 21:14:35] NOTICE: exiting, bye-bye!
